<?xml version="1.0" encoding="UTF-8"?>
<!-- Generated by org.testng.reporters.JUnitReportReporter -->
<testsuite hostname="IN-PG02A5LG" failures="0" tests="1" name="Testcases.FilterTest" time="60.017" errors="0" timestamp="2022-10-07T12:20:04 IST" skipped="0">
  <testcase classname="Testcases.FilterTest" name="filterOption" time="60.017"/>
  <system-out/>
</testsuite> <!-- Testcases.FilterTest -->
