<?xml version="1.0" encoding="UTF-8"?>
<!-- Generated by org.testng.reporters.JUnitReportReporter -->
<testsuite hostname="IN-PG02A5LG" failures="0" tests="1" name="Testcases.TopOfferTest" time="39.052" errors="0" timestamp="2022-10-07T12:20:04 IST" skipped="0">
  <testcase classname="Testcases.TopOfferTest" name="topoffertesting" time="39.052"/>
  <system-out/>
</testsuite> <!-- Testcases.TopOfferTest -->
