<?xml version="1.0" encoding="UTF-8"?>
<!-- Generated by org.testng.reporters.JUnitReportReporter -->
<testsuite hostname="IN-PG02A5LG" failures="0" tests="1" name="Testcases.CouponsTest" time="61.324" errors="0" timestamp="2022-10-07T12:20:04 IST" skipped="0">
  <testcase classname="Testcases.CouponsTest" name="coupontesing" time="61.324"/>
  <system-out/>
</testsuite> <!-- Testcases.CouponsTest -->
