<?xml version="1.0" encoding="UTF-8"?>
<!-- Generated by org.testng.reporters.JUnitReportReporter -->
<testsuite hostname="IN-PG02A5LG" failures="1" tests="1" name="Testcases.moreTest" time="46.911" errors="0" timestamp="2022-10-04T16:58:38 IST" skipped="0">
  <testcase classname="Testcases.moreTest" name="moreIconTesting" time="46.911">
    <failure message="Condition true expected:&lt;[Google Pixel 7series Coming Soon 5gyjje2 Store Online - Buy Google Pixel 7series Coming Soon 5gyjje2] Online at Best Pric...&gt; but was:&lt;[Motorola G72 Gf44 Kl21 Store Online - Buy Motorola G72 Gf44 Kl21] Online at Best Pric...&gt;" type="org.junit.ComparisonFailure">
      <![CDATA[org.junit.ComparisonFailure: Condition true expected:<[Google Pixel 7series Coming Soon 5gyjje2 Store Online - Buy Google Pixel 7series Coming Soon 5gyjje2] Online at Best Pric...> but was:<[Motorola G72 Gf44 Kl21 Store Online - Buy Motorola G72 Gf44 Kl21] Online at Best Pric...>
at org.junit.Assert.assertEquals(Assert.java:115)
at Testcases.moreTest.moreIconTesting(moreTest.java:64)
at java.base/jdk.internal.reflect.NativeMethodAccessorImpl.invoke0(Native Method)
at java.base/jdk.internal.reflect.NativeMethodAccessorImpl.invoke(NativeMethodAccessorImpl.java:77)
at java.base/jdk.internal.reflect.DelegatingMethodAccessorImpl.invoke(DelegatingMethodAccessorImpl.java:43)
at java.base/java.lang.reflect.Method.invoke(Method.java:568)
at org.testng.internal.MethodInvocationHelper.invokeMethod(MethodInvocationHelper.java:133)
at org.testng.internal.TestInvoker.invokeMethod(TestInvoker.java:598)
at org.testng.internal.TestInvoker.invokeTestMethod(TestInvoker.java:173)
at org.testng.internal.MethodRunner.runInSequence(MethodRunner.java:46)
at org.testng.internal.TestInvoker$MethodInvocationAgent.invoke(TestInvoker.java:824)
at org.testng.internal.TestInvoker.invokeTestMethods(TestInvoker.java:146)
at org.testng.internal.TestMethodWorker.invokeTestMethods(TestMethodWorker.java:146)
at org.testng.internal.TestMethodWorker.run(TestMethodWorker.java:128)
at java.base/java.util.ArrayList.forEach(ArrayList.java:1511)
at org.testng.TestRunner.privateRun(TestRunner.java:794)
at org.testng.TestRunner.run(TestRunner.java:596)
at org.testng.SuiteRunner.runTest(SuiteRunner.java:377)
at org.testng.SuiteRunner.runSequentially(SuiteRunner.java:371)
at org.testng.SuiteRunner.privateRun(SuiteRunner.java:332)
at org.testng.SuiteRunner.run(SuiteRunner.java:276)
at org.testng.SuiteRunnerWorker.runSuite(SuiteRunnerWorker.java:53)
at org.testng.SuiteRunnerWorker.run(SuiteRunnerWorker.java:96)
at org.testng.TestNG.runSuitesSequentially(TestNG.java:1212)
at org.testng.TestNG.runSuitesLocally(TestNG.java:1134)
at org.testng.TestNG.runSuites(TestNG.java:1063)
at org.testng.TestNG.run(TestNG.java:1031)
at org.testng.remote.AbstractRemoteTestNG.run(AbstractRemoteTestNG.java:115)
at org.testng.remote.RemoteTestNG.initAndRun(RemoteTestNG.java:251)
at org.testng.remote.RemoteTestNG.main(RemoteTestNG.java:77)
]]>
    </failure>
  </testcase> <!-- moreIconTesting -->
  <system-out/>
</testsuite> <!-- Testcases.moreTest -->
