<?xml version="1.0" encoding="UTF-8"?>
<!-- Generated by org.testng.reporters.JUnitReportReporter -->
<testsuite hostname="IN-PG02A5LG" failures="0" tests="1" name="Testcases.signUpTest" time="45.777" errors="0" timestamp="2022-10-07T12:20:04 IST" skipped="0">
  <testcase classname="Testcases.signUpTest" name="signUpTesting" time="45.777"/>
  <system-out/>
</testsuite> <!-- Testcases.signUpTest -->
