<?xml version="1.0" encoding="UTF-8"?>
<!-- Generated by org.testng.reporters.JUnitReportReporter -->
<testsuite hostname="IN-PG02A5LG" failures="0" tests="1" name="Testcases.LoginPageTest" time="70.696" errors="0" timestamp="2022-10-07T14:45:58 IST" skipped="1">
  <testcase classname="Testcases.LoginPageTest" name="excellogintesting" time="70.696">
    <skipped/>
  </testcase> <!-- excellogintesting -->
  <system-out/>
</testsuite> <!-- Testcases.LoginPageTest -->
