<?xml version="1.0" encoding="UTF-8"?>
<!-- Generated by org.testng.reporters.JUnitReportReporter -->
<testsuite hostname="IN-PG02A5LG" failures="0" tests="1" name="Testcases.CarrerTest" time="40.311" errors="0" timestamp="2022-10-07T12:20:04 IST" skipped="0">
  <testcase classname="Testcases.CarrerTest" name="CareerTesting" time="40.311"/>
  <system-out/>
</testsuite> <!-- Testcases.CarrerTest -->
