<?xml version="1.0" encoding="UTF-8"?>
<!-- Generated by org.testng.reporters.JUnitReportReporter -->
<testsuite hostname="IN-PG02A5LG" failures="0" tests="2" name="Testcases.contactUsTest" time="48.502" errors="0" timestamp="2022-10-07T12:20:04 IST" skipped="0">
  <testcase classname="Testcases.contactUsTest" name="contactusclick" time="18.997"/>
  <system-out/>
  <testcase classname="Testcases.contactUsTest" name="helpcentericon" time="29.505"/>
  <system-out/>
</testsuite> <!-- Testcases.contactUsTest -->
